Stop: 2017年 1月18日 星期三 11时44分18秒 CST
Start: 2017年 1月18日 星期三 11时44分18秒 CST
Stop: 2017年 1月18日 星期三 11时48分28秒 CST
Start: 2017年 1月18日 星期三 11时48分28秒 CST
Stop: 2017年 1月18日 星期三 13时05分27秒 CST
Start: 2017年 1月18日 星期三 13时05分27秒 CST
Stop: 2017年 1月20日 星期五 05时32分29秒 CST
Start: 2017年 1月20日 星期五 05时32分30秒 CST
Stop: 2017年 1月20日 星期五 06时27分47秒 CST
Start: 2017年 1月20日 星期五 06时27分47秒 CST
Stop: 2017年 1月20日 星期五 06时44分55秒 CST
Start: 2017年 1月20日 星期五 06时44分55秒 CST
Stop: 2017年 1月20日 星期五 06时57分26秒 CST
Start: 2017年 1月20日 星期五 06时57分26秒 CST
Stop: 2017年 1月20日 星期五 08时45分38秒 CST
Start: 2017年 1月20日 星期五 08时45分38秒 CST
Stop: 2017年 1月20日 星期五 08时54分50秒 CST
Start: 2017年 1月20日 星期五 08时54分50秒 CST
Stop: 2017年 1月20日 星期五 13时21分32秒 CST
Start: 2017年 1月20日 星期五 13时21分32秒 CST
Stop: 2017年 1月20日 星期五 13时22分06秒 CST
Start: 2017年 1月20日 星期五 13时22分06秒 CST
Stop: 2017年 1月20日 星期五 14时34分57秒 CST
Start: 2017年 1月20日 星期五 14时34分57秒 CST
Stop: 2017年 1月20日 星期五 14时42分32秒 CST
Start: 2017年 1月20日 星期五 14时42分33秒 CST
Stop: 2017年 1月20日 星期五 14时52分38秒 CST
Start: 2017年 1月20日 星期五 14时52分38秒 CST
Stop: 2017年 1月24日 星期二 06时43分20秒 CST
Start: 2017年 1月24日 星期二 06时43分20秒 CST
Stop: 2017年 1月24日 星期二 20时44分54秒 CST
Start: 2017年 1月24日 星期二 20时44分54秒 CST
Stop: 2017年 1月24日 星期二 20时46分16秒 CST
Start: 2017年 1月24日 星期二 20时46分16秒 CST
Stop: 2017年 1月26日 星期四 08时59分26秒 CST
Start: 2017年 1月26日 星期四 08时59分26秒 CST
Stop: 2017年 1月30日 星期一 13时05分58秒 CST
Start: 2017年 1月30日 星期一 13时05分58秒 CST
Stop: 2017年 1月30日 星期一 14时19分27秒 CST
Start: 2017年 1月30日 星期一 14时19分27秒 CST
Stop: 2017年 1月30日 星期一 21时59分08秒 CST
Start: 2017年 1月30日 星期一 21时59分08秒 CST
Stop: 2017年 2月22日 星期三 10时42分51秒 CST
Start: 2017年 2月22日 星期三 10时42分51秒 CST
Stop: 2017年 2月22日 星期三 10时43分03秒 CST
Start: 2017年 2月22日 星期三 10时43分03秒 CST
Stop: 2017年 3月27日 星期一 10时48分40秒 CST
Start: 2017年 3月27日 星期一 10时48分40秒 CST
Stop: 2017年 3月29日 星期三 11时07分12秒 CST
Start: 2017年 3月29日 星期三 11时07分12秒 CST
